#
# There is insufficient memory for the Java Runtime Environment to continue.
# Native memory allocation (malloc) failed to allocate 1048576 bytes. Error detail: AllocateHeap
# Possible reasons:
#   The system is out of physical RAM or swap space
#   This process is running with CompressedOops enabled, and the Java Heap may be blocking the growth of the native heap
# Possible solutions:
#   Reduce memory load on the system
#   Increase physical memory or swap space
#   Check if swap backing store is full
#   Decrease Java heap size (-Xmx/-Xms)
#   Decrease number of Java threads
#   Decrease Java thread stack sizes (-Xss)
#   Set larger code cache with -XX:ReservedCodeCacheSize=
#   JVM is running with Unscaled Compressed Oops mode in which the Java heap is
#     placed in the first 4GB address space. The Java Heap base address is the
#     maximum limit for the native heap growth. Please use -XX:HeapBaseMinAddress
#     to set the Java Heap base and to place the Java Heap above 4GB virtual address.
# This output file may be truncated or incomplete.
#
#  Out of Memory Error (allocation.cpp:44), pid=21656, tid=4976
#
# JRE version: OpenJDK Runtime Environment Temurin-21.0.9+10 (21.0.9+10) (build 21.0.9+10-LTS)
# Java VM: OpenJDK 64-Bit Server VM Temurin-21.0.9+10 (21.0.9+10-LTS, mixed mode, sharing, tiered, compressed oops, compressed class ptrs, parallel gc, windows-amd64)
# No core dump will be written. Minidumps are not enabled by default on client versions of Windows
#

---------------  S U M M A R Y ------------

Command Line: --add-modules=ALL-SYSTEM --add-opens=java.base/java.util=ALL-UNNAMED --add-opens=java.base/java.lang=ALL-UNNAMED --add-opens=java.base/sun.nio.fs=ALL-UNNAMED -Declipse.application=org.eclipse.jdt.ls.core.id1 -Dosgi.bundles.defaultStartLevel=4 -Declipse.product=org.eclipse.jdt.ls.core.product -Djava.import.generatesMetadataFilesAtProjectRoot=false -DDetectVMInstallationsJob.disabled=true -Dfile.encoding=utf8 -XX:+UseParallelGC -XX:GCTimeRatio=4 -XX:AdaptiveSizePolicyWeight=90 -Dsun.zip.disableMemoryMapping=true -Xmx2G -Xms100m -Xlog:disable -javaagent:c:\Users\71021752\.vscode\extensions\redhat.java-1.51.0-win32-x64\lombok\lombok-1.18.39-4050.jar -XX:+HeapDumpOnOutOfMemoryError -XX:HeapDumpPath=c:\Users\71021752\AppData\Roaming\Code\User\workspaceStorage\6b24a71a04c2c931040f8a080cb8e1da\redhat.java -Daether.dependencyCollector.impl=bf c:\Users\71021752\.vscode\extensions\redhat.java-1.51.0-win32-x64\server\plugins\org.eclipse.equinox.launcher_1.7.100.v20251111-0406.jar -configuration c:\Users\71021752\AppData\Roaming\Code\User\globalStorage\redhat.java\1.51.0\config_win -data c:\Users\71021752\AppData\Roaming\Code\User\workspaceStorage\6b24a71a04c2c931040f8a080cb8e1da\redhat.java\jdt_ws --pipe=\\.\pipe\lsp-81d18b2e42736e88f50367a6d6ff727f-sock

Host: AMD Ryzen 5 7535U with Radeon Graphics         , 12 cores, 14G,  Windows 11 , 64 bit Build 26100 (10.0.26100.7623)
Time: Thu Jan 29 20:16:09 2026 elapsed time: 8586.820559 seconds (0d 2h 23m 6s)

---------------  T H R E A D  ---------------

Current thread (0x000002696e009a70):  JavaThread "Attach Listener" daemon [_thread_in_vm, id=4976, stack(0x000000d56cc00000,0x000000d56cd00000) (1024K)]

Stack: [0x000000d56cc00000,0x000000d56cd00000]
Native frames: (J=compiled Java code, j=interpreted, Vv=VM code, C=native code)
V  [jvm.dll+0x6d6e29]
V  [jvm.dll+0x8b4b76]
V  [jvm.dll+0x8b712e]
V  [jvm.dll+0x8b7813]
V  [jvm.dll+0x283d86]
V  [jvm.dll+0xc1277]
V  [jvm.dll+0x6d76d9]
V  [jvm.dll+0x133466]
V  [jvm.dll+0x3f7ea6]
V  [jvm.dll+0x85e9ad]
V  [jvm.dll+0x6d565d]
C  [ucrtbase.dll+0x37b0]
C  [KERNEL32.DLL+0x2e8d7]
C  [ntdll.dll+0x8c53c]


---------------  P R O C E S S  ---------------

Threads class SMR info:
_java_thread_list=0x0000026971977c10, length=39, elements={
0x000002691056bfc0, 0x000002696e004090, 0x000002696e005ca0, 0x000002696e009210,
0x000002696e009a70, 0x000002696e00fc10, 0x000002696e010660, 0x000002696e0113e0,
0x000002696e012e80, 0x000002696e212420, 0x000002696e333730, 0x000002696e6e9930,
0x000002696e683750, 0x000002696e3bf840, 0x000002696e7f1000, 0x000002696f0ad260,
0x000002696e182890, 0x000002696e4e3b30, 0x000002696ea6e580, 0x000002696f3a4060,
0x000002696f3a2cb0, 0x000002696f3a3340, 0x000002696f3a39d0, 0x000002697009d780,
0x000002697009de10, 0x000002697009e4a0, 0x000002697009c3d0, 0x000002697009f1c0,
0x000002697009eb30, 0x000002697009bd40, 0x000002697009ca60, 0x000002697009f850,
0x000002697009fee0, 0x00000269700a0570, 0x000002697009d0f0, 0x00000269700a2cd0,
0x000002697092b240, 0x000002697092fa70, 0x0000026970930100
}

Java Threads: ( => current thread )
  0x000002691056bfc0 JavaThread "main"                              [_thread_blocked, id=28736, stack(0x000000d56c500000,0x000000d56c600000) (1024K)]
  0x000002696e004090 JavaThread "Reference Handler"          daemon [_thread_blocked, id=36180, stack(0x000000d56c900000,0x000000d56ca00000) (1024K)]
  0x000002696e005ca0 JavaThread "Finalizer"                  daemon [_thread_blocked, id=34280, stack(0x000000d56ca00000,0x000000d56cb00000) (1024K)]
  0x000002696e009210 JavaThread "Signal Dispatcher"          daemon [_thread_blocked, id=19608, stack(0x000000d56cb00000,0x000000d56cc00000) (1024K)]
=>0x000002696e009a70 JavaThread "Attach Listener"            daemon [_thread_in_vm, id=4976, stack(0x000000d56cc00000,0x000000d56cd00000) (1024K)]
  0x000002696e00fc10 JavaThread "Service Thread"             daemon [_thread_blocked, id=20020, stack(0x000000d56cd00000,0x000000d56ce00000) (1024K)]
  0x000002696e010660 JavaThread "Monitor Deflation Thread"   daemon [_thread_blocked, id=25628, stack(0x000000d56ce00000,0x000000d56cf00000) (1024K)]
  0x000002696e0113e0 JavaThread "C2 CompilerThread0"         daemon [_thread_blocked, id=36392, stack(0x000000d56cf00000,0x000000d56d000000) (1024K)]
  0x000002696e012e80 JavaThread "C1 CompilerThread0"         daemon [_thread_blocked, id=23736, stack(0x000000d56d000000,0x000000d56d100000) (1024K)]
  0x000002696e212420 JavaThread "Common-Cleaner"             daemon [_thread_blocked, id=31580, stack(0x000000d56d100000,0x000000d56d200000) (1024K)]
  0x000002696e333730 JavaThread "Notification Thread"        daemon [_thread_blocked, id=9812, stack(0x000000d56d200000,0x000000d56d300000) (1024K)]
  0x000002696e6e9930 JavaThread "Active Thread: Equinox Container: e8fef02b-32f5-449a-b43f-c82fa3ffc375"        [_thread_blocked, id=33904, stack(0x000000d56d300000,0x000000d56d400000) (1024K)]
  0x000002696e683750 JavaThread "Refresh Thread: Equinox Container: e8fef02b-32f5-449a-b43f-c82fa3ffc375" daemon [_thread_blocked, id=35668, stack(0x000000d56dc00000,0x000000d56dd00000) (1024K)]
  0x000002696e3bf840 JavaThread "Framework Event Dispatcher: Equinox Container: e8fef02b-32f5-449a-b43f-c82fa3ffc375" daemon [_thread_blocked, id=35484, stack(0x000000d56dd00000,0x000000d56de00000) (1024K)]
  0x000002696e7f1000 JavaThread "Start Level: Equinox Container: e8fef02b-32f5-449a-b43f-c82fa3ffc375" daemon [_thread_blocked, id=8096, stack(0x000000d56de00000,0x000000d56df00000) (1024K)]
  0x000002696f0ad260 JavaThread "Bundle File Closer"         daemon [_thread_blocked, id=28280, stack(0x000000d56e100000,0x000000d56e200000) (1024K)]
  0x000002696e182890 JavaThread "SCR Component Actor"        daemon [_thread_blocked, id=7356, stack(0x000000d56da00000,0x000000d56db00000) (1024K)]
  0x000002696e4e3b30 JavaThread "Worker-JM"                         [_thread_blocked, id=29888, stack(0x000000d56e400000,0x000000d56e500000) (1024K)]
  0x000002696ea6e580 JavaThread "JNA Cleaner"                daemon [_thread_blocked, id=6732, stack(0x000000d56e300000,0x000000d56e400000) (1024K)]
  0x000002696f3a4060 JavaThread "Java indexing"              daemon [_thread_blocked, id=2328, stack(0x000000d56e700000,0x000000d56e800000) (1024K)]
  0x000002696f3a2cb0 JavaThread "Thread-1"                   daemon [_thread_in_native, id=29964, stack(0x000000d56ef00000,0x000000d56f000000) (1024K)]
  0x000002696f3a3340 JavaThread "Thread-2"                   daemon [_thread_in_native, id=24064, stack(0x000000d56f000000,0x000000d56f100000) (1024K)]
  0x000002696f3a39d0 JavaThread "Thread-3"                   daemon [_thread_in_native, id=31260, stack(0x000000d56f100000,0x000000d56f200000) (1024K)]
  0x000002697009d780 JavaThread "Thread-4"                   daemon [_thread_in_native, id=1396, stack(0x000000d56f200000,0x000000d56f300000) (1024K)]
  0x000002697009de10 JavaThread "Thread-5"                   daemon [_thread_in_native, id=12212, stack(0x000000d56f300000,0x000000d56f400000) (1024K)]
  0x000002697009e4a0 JavaThread "Thread-6"                   daemon [_thread_in_native, id=7820, stack(0x000000d56f400000,0x000000d56f500000) (1024K)]
  0x000002697009c3d0 JavaThread "Thread-7"                   daemon [_thread_in_native, id=6556, stack(0x000000d56f500000,0x000000d56f600000) (1024K)]
  0x000002697009f1c0 JavaThread "Thread-8"                   daemon [_thread_in_native, id=38068, stack(0x000000d56f600000,0x000000d56f700000) (1024K)]
  0x000002697009eb30 JavaThread "Thread-9"                   daemon [_thread_in_native, id=9104, stack(0x000000d56f700000,0x000000d56f800000) (1024K)]
  0x000002697009bd40 JavaThread "Thread-10"                  daemon [_thread_in_native, id=18672, stack(0x000000d56f800000,0x000000d56f900000) (1024K)]
  0x000002697009ca60 JavaThread "Thread-11"                  daemon [_thread_in_native, id=38088, stack(0x000000d56f900000,0x000000d56fa00000) (1024K)]
  0x000002697009f850 JavaThread "Thread-12"                  daemon [_thread_in_native, id=30108, stack(0x000000d56fa00000,0x000000d56fb00000) (1024K)]
  0x000002697009fee0 JavaThread "Thread-13"                  daemon [_thread_in_native, id=25348, stack(0x000000d56fb00000,0x000000d56fc00000) (1024K)]
  0x00000269700a0570 JavaThread "pool-2-thread-1"                   [_thread_blocked, id=26116, stack(0x000000d56fc00000,0x000000d56fd00000) (1024K)]
  0x000002697009d0f0 JavaThread "WorkspaceEventsHandler"            [_thread_blocked, id=30584, stack(0x000000d56fd00000,0x000000d56fe00000) (1024K)]
  0x00000269700a2cd0 JavaThread "pool-1-thread-1"                   [_thread_blocked, id=32200, stack(0x000000d56fe00000,0x000000d56ff00000) (1024K)]
  0x000002697092b240 JavaThread "Cleaner-0"                  daemon [_thread_blocked, id=18656, stack(0x000000d570b00000,0x000000d570c00000) (1024K)]
  0x000002697092fa70 JavaThread "Worker-6"                          [_thread_blocked, id=39540, stack(0x000000d56c300000,0x000000d56c400000) (1024K)]
  0x0000026970930100 JavaThread "Worker-8"                          [_thread_blocked, id=3896, stack(0x000000d56e900000,0x000000d56ea00000) (1024K)]
Total: 39

Other Threads:
  0x000002691062e8f0 VMThread "VM Thread"                           [id=38700, stack(0x000000d56c800000,0x000000d56c900000) (1024K)]
  0x00000269103fca00 WatcherThread "VM Periodic Task Thread"        [id=32252, stack(0x000000d56c700000,0x000000d56c800000) (1024K)]
  0x000002691058aa80 WorkerThread "GC Thread#0"                     [id=22148, stack(0x000000d56c600000,0x000000d56c700000) (1024K)]
  0x000002696eb4a810 WorkerThread "GC Thread#1"                     [id=13804, stack(0x000000d56d400000,0x000000d56d500000) (1024K)]
  0x000002696eb3a010 WorkerThread "GC Thread#2"                     [id=32608, stack(0x000000d56d500000,0x000000d56d600000) (1024K)]
  0x000002696eb3a3b0 WorkerThread "GC Thread#3"                     [id=28036, stack(0x000000d56d600000,0x000000d56d700000) (1024K)]
  0x000002696eb4abb0 WorkerThread "GC Thread#4"                     [id=38228, stack(0x000000d56d700000,0x000000d56d800000) (1024K)]
  0x000002696eb4af50 WorkerThread "GC Thread#5"                     [id=25412, stack(0x000000d56d800000,0x000000d56d900000) (1024K)]
  0x000002696e9ef200 WorkerThread "GC Thread#6"                     [id=31168, stack(0x000000d56d900000,0x000000d56da00000) (1024K)]
  0x000002696e6833b0 WorkerThread "GC Thread#7"                     [id=20336, stack(0x000000d56db00000,0x000000d56dc00000) (1024K)]
  0x000002696ece7b60 WorkerThread "GC Thread#8"                     [id=30432, stack(0x000000d56df00000,0x000000d56e000000) (1024K)]
  0x000002696ece7f00 WorkerThread "GC Thread#9"                     [id=26876, stack(0x000000d56e000000,0x000000d56e100000) (1024K)]
Total: 12

Threads with active compile tasks:
Total: 0

VM state: not at safepoint (normal execution)

VM Mutex/Monitor currently owned by a thread: None

Heap address: 0x0000000080000000, size: 2048 MB, Compressed Oops mode: 32-bit

CDS archive(s) mapped at: [0x0000026927000000-0x0000026927ba0000-0x0000026927ba0000), size 12189696, SharedBaseAddress: 0x0000026927000000, ArchiveRelocationMode: 1.
Compressed class space mapped at: 0x0000026928000000-0x0000026968000000, reserved size: 1073741824
Narrow klass base: 0x0000026927000000, Narrow klass shift: 0, Narrow klass range: 0x100000000

GC Precious Log:
 CardTable entry size: 512
 CPUs: 12 total, 12 available
 Memory: 15134M
 Large Page Support: Disabled
 NUMA Support: Disabled
 Compressed Oops: Enabled (32-bit)
 Alignments: Space 512K, Generation 512K, Heap 2M
 Heap Min Capacity: 100M
 Heap Initial Capacity: 100M
 Heap Max Capacity: 2G
 Pre-touch: Disabled
 Parallel Workers: 10

Heap:
 PSYoungGen      total 5120K, used 3806K [0x00000000d5580000, 0x00000000d6100000, 0x0000000100000000)
  eden space 4096K, 80% used [0x00000000d5580000,0x00000000d58b3b00,0x00000000d5980000)
  from space 1024K, 51% used [0x00000000d6000000,0x00000000d6084010,0x00000000d6100000)
  to   space 1024K, 0% used [0x00000000d5f00000,0x00000000d5f00000,0x00000000d6000000)
 ParOldGen       total 551424K, used 551338K [0x0000000080000000, 0x00000000a1a80000, 0x00000000d5580000)
  object space 551424K, 99% used [0x0000000080000000,0x00000000a1a6aa30,0x00000000a1a80000)
 Metaspace       used 88473K, committed 90176K, reserved 1179648K
  class space    used 8905K, committed 9728K, reserved 1048576K

Card table byte_map: [0x000002690ff10000,0x0000026910320000] _byte_map_base: 0x000002690fb10000

Marking Bits: (ParMarkBitMap*) 0x00007ffa00002460
 Begin Bits: [0x0000026922a20000, 0x0000026924a20000)
 End Bits:   [0x0000026924a20000, 0x0000026926a20000)

Polling page: 0x000002690e3e0000

Metaspace:

Usage:
  Non-class:     77.70 MB used.
      Class:      8.70 MB used.
       Both:     86.40 MB used.

Virtual space:
  Non-class space:      128.00 MB reserved,      78.56 MB ( 61%) committed,  2 nodes.
      Class space:        1.00 GB reserved,       9.50 MB ( <1%) committed,  1 nodes.
             Both:        1.12 GB reserved,      88.06 MB (  8%) committed. 

Chunk freelists:
   Non-Class:  640.00 KB
       Class:  6.48 MB
        Both:  7.11 MB

MaxMetaspaceSize: unlimited
CompressedClassSpaceSize: 1.00 GB
Initial GC threshold: 21.00 MB
Current GC threshold: 146.06 MB
CDS: on
 - commit_granule_bytes: 65536.
 - commit_granule_words: 8192.
 - virtual_space_node_default_size: 8388608.
 - enlarge_chunks_in_place: 1.
 - use_allocation_guard: 0.


Internal statistics:

num_allocs_failed_limit: 13.
num_arena_births: 1918.
num_arena_deaths: 452.
num_vsnodes_births: 3.
num_vsnodes_deaths: 0.
num_space_committed: 1408.
num_space_uncommitted: 0.
num_chunks_returned_to_freelist: 561.
num_chunks_taken_from_freelist: 6567.
num_chunk_merges: 172.
num_chunk_splits: 3774.
num_chunks_enlarged: 1975.
num_inconsistent_stats: 0.

CodeHeap 'non-profiled nmethods': size=120000Kb used=15377Kb max_used=19208Kb free=104622Kb
 bounds [0x000002691b240000, 0x000002691c510000, 0x0000026922770000]
CodeHeap 'profiled nmethods': size=120000Kb used=31065Kb max_used=42563Kb free=88934Kb
 bounds [0x0000026913770000, 0x0000026916110000, 0x000002691aca0000]
CodeHeap 'non-nmethods': size=5760Kb used=1514Kb max_used=1596Kb free=4245Kb
 bounds [0x000002691aca0000, 0x000002691af10000, 0x000002691b240000]
CodeCache: size=245760Kb, used=47956Kb, max_used=63367Kb, free=197801Kb
 total_blobs=14125, nmethods=13289, adapters=737, full_count=0
Compilation: enabled, stopped_count=0, restarted_count=0

Compilation events (20 events):
Event: 7479.911 Thread 0x000002696e012e80 23076       3       jdk.internal.logger.DefaultLoggerFinder$1::<init> (10 bytes)
Event: 7479.913 Thread 0x000002696e012e80 nmethod 23076 0x0000026914c9fa90 code [0x0000026914c9fc40, 0x0000026914c9fdc8]
Event: 7719.987 Thread 0x000002696e012e80 23077       3       java.util.logging.LogManager::demandLogger (23 bytes)
Event: 7719.988 Thread 0x000002696e012e80 nmethod 23077 0x0000026914038a10 code [0x0000026914038bc0, 0x0000026914038d88]
Event: 7719.988 Thread 0x000002696e012e80 23078       3       java.util.logging.LogManager::demandLogger (53 bytes)
Event: 7719.989 Thread 0x000002696e012e80 nmethod 23078 0x000002691414ab90 code [0x000002691414adc0, 0x000002691414b418]
Event: 8112.145 Thread 0x000002696e012e80 23079   !   3       org.eclipse.osgi.container.ModuleDatabase::getTimestamp (25 bytes)
Event: 8112.160 Thread 0x000002696e012e80 nmethod 23079 0x0000026913a94f90 code [0x0000026913a951e0, 0x0000026913a95b28]
Event: 8232.178 Thread 0x000002696e012e80 23080       3       org.eclipse.osgi.storage.Storage::isReadOnly (10 bytes)
Event: 8232.182 Thread 0x000002696e012e80 nmethod 23080 0x0000026914ce9810 code [0x0000026914ce99c0, 0x0000026914ce9b40]
Event: 8412.227 Thread 0x000002696e012e80 23081   !   3       org.eclipse.osgi.internal.framework.StorageSaver$StorageSaverTask::run (31 bytes)
Event: 8412.238 Thread 0x000002696e012e80 nmethod 23081 0x0000026913c66d90 code [0x0000026913c66f60, 0x0000026913c67200]
Event: 8412.238 Thread 0x000002696e012e80 23082   !   3       org.eclipse.osgi.storage.Storage::save (62 bytes)
Event: 8412.239 Thread 0x000002696e012e80 nmethod 23082 0x00000269140efc10 code [0x00000269140efe00, 0x00000269140f0170]
Event: 8440.149 Thread 0x000002696e012e80 23083       3       java.util.logging.Logger::getLogger (8 bytes)
Event: 8440.150 Thread 0x000002696e012e80 nmethod 23083 0x000002691403b510 code [0x000002691403b6e0, 0x000002691403b8a0]
Event: 8440.150 Thread 0x000002696e012e80 23084       3       java.util.logging.Logger::getLogger (7 bytes)
Event: 8440.150 Thread 0x000002696e012e80 nmethod 23084 0x0000026914133e90 code [0x0000026914134040, 0x0000026914134168]
Event: 8440.150 Thread 0x000002696e012e80 23085       3       java.util.logging.Logger::demandLogger (36 bytes)
Event: 8440.155 Thread 0x000002696e012e80 nmethod 23085 0x0000026913c53990 code [0x0000026913c53c20, 0x0000026913c546d0]

GC Heap History (20 events):
Event: 5837.693 GC heap before
{Heap before GC invocations=2319 (full 7):
 PSYoungGen      total 5632K, used 5492K [0x00000000d5580000, 0x00000000d5d80000, 0x0000000100000000)
  eden space 5120K, 100% used [0x00000000d5580000,0x00000000d5a80000,0x00000000d5a80000)
  from space 512K, 72% used [0x00000000d5d00000,0x00000000d5d5d200,0x00000000d5d80000)
  to   space 512K, 0% used [0x00000000d5c80000,0x00000000d5c80000,0x00000000d5d00000)
 ParOldGen       total 498176K, used 497824K [0x0000000080000000, 0x000000009e680000, 0x00000000d5580000)
  object space 498176K, 99% used [0x0000000080000000,0x000000009e628320,0x000000009e680000)
 Metaspace       used 88438K, committed 90176K, reserved 1179648K
  class space    used 8905K, committed 9728K, reserved 1048576K
}
Event: 5837.694 GC heap after
{Heap after GC invocations=2319 (full 7):
 PSYoungGen      total 5632K, used 346K [0x00000000d5580000, 0x00000000d5d80000, 0x0000000100000000)
  eden space 5120K, 0% used [0x00000000d5580000,0x00000000d5580000,0x00000000d5a80000)
  from space 512K, 67% used [0x00000000d5c80000,0x00000000d5cd6900,0x00000000d5d00000)
  to   space 512K, 0% used [0x00000000d5d00000,0x00000000d5d00000,0x00000000d5d80000)
 ParOldGen       total 498176K, used 497832K [0x0000000080000000, 0x000000009e680000, 0x00000000d5580000)
  object space 498176K, 99% used [0x0000000080000000,0x000000009e62a320,0x000000009e680000)
 Metaspace       used 88438K, committed 90176K, reserved 1179648K
  class space    used 8905K, committed 9728K, reserved 1048576K
}
Event: 5838.108 GC heap before
{Heap before GC invocations=2320 (full 7):
 PSYoungGen      total 5632K, used 5459K [0x00000000d5580000, 0x00000000d5d80000, 0x0000000100000000)
  eden space 5120K, 99% used [0x00000000d5580000,0x00000000d5a7e5f8,0x00000000d5a80000)
  from space 512K, 67% used [0x00000000d5c80000,0x00000000d5cd6900,0x00000000d5d00000)
  to   space 512K, 0% used [0x00000000d5d00000,0x00000000d5d00000,0x00000000d5d80000)
 ParOldGen       total 498176K, used 497832K [0x0000000080000000, 0x000000009e680000, 0x00000000d5580000)
  object space 498176K, 99% used [0x0000000080000000,0x000000009e62a320,0x000000009e680000)
 Metaspace       used 88438K, committed 90176K, reserved 1179648K
  class space    used 8905K, committed 9728K, reserved 1048576K
}
Event: 5838.109 GC heap after
{Heap after GC invocations=2320 (full 7):
 PSYoungGen      total 5632K, used 480K [0x00000000d5580000, 0x00000000d5d80000, 0x0000000100000000)
  eden space 5120K, 0% used [0x00000000d5580000,0x00000000d5580000,0x00000000d5a80000)
  from space 512K, 93% used [0x00000000d5d00000,0x00000000d5d78000,0x00000000d5d80000)
  to   space 512K, 0% used [0x00000000d5c80000,0x00000000d5c80000,0x00000000d5d00000)
 ParOldGen       total 498176K, used 497989K [0x0000000080000000, 0x000000009e680000, 0x00000000d5580000)
  object space 498176K, 99% used [0x0000000080000000,0x000000009e651530,0x000000009e680000)
 Metaspace       used 88438K, committed 90176K, reserved 1179648K
  class space    used 8905K, committed 9728K, reserved 1048576K
}
Event: 5838.729 GC heap before
{Heap before GC invocations=2321 (full 7):
 PSYoungGen      total 5632K, used 5600K [0x00000000d5580000, 0x00000000d5d80000, 0x0000000100000000)
  eden space 5120K, 100% used [0x00000000d5580000,0x00000000d5a80000,0x00000000d5a80000)
  from space 512K, 93% used [0x00000000d5d00000,0x00000000d5d78000,0x00000000d5d80000)
  to   space 512K, 0% used [0x00000000d5c80000,0x00000000d5c80000,0x00000000d5d00000)
 ParOldGen       total 498176K, used 497989K [0x0000000080000000, 0x000000009e680000, 0x00000000d5580000)
  object space 498176K, 99% used [0x0000000080000000,0x000000009e651530,0x000000009e680000)
 Metaspace       used 88443K, committed 90176K, reserved 1179648K
  class space    used 8905K, committed 9728K, reserved 1048576K
}
Event: 5838.732 GC heap after
{Heap after GC invocations=2321 (full 7):
 PSYoungGen      total 5632K, used 512K [0x00000000d5580000, 0x00000000d6480000, 0x0000000100000000)
  eden space 5120K, 0% used [0x00000000d5580000,0x00000000d5580000,0x00000000d5a80000)
  from space 512K, 100% used [0x00000000d5c80000,0x00000000d5d00000,0x00000000d5d00000)
  to   space 5120K, 0% used [0x00000000d5f80000,0x00000000d5f80000,0x00000000d6480000)
 ParOldGen       total 501760K, used 501629K [0x0000000080000000, 0x000000009ea00000, 0x00000000d5580000)
  object space 501760K, 99% used [0x0000000080000000,0x000000009e9df4d0,0x000000009ea00000)
 Metaspace       used 88443K, committed 90176K, reserved 1179648K
  class space    used 8905K, committed 9728K, reserved 1048576K
}
Event: 5838.742 GC heap before
{Heap before GC invocations=2322 (full 7):
 PSYoungGen      total 5632K, used 5632K [0x00000000d5580000, 0x00000000d6480000, 0x0000000100000000)
  eden space 5120K, 100% used [0x00000000d5580000,0x00000000d5a80000,0x00000000d5a80000)
  from space 512K, 100% used [0x00000000d5c80000,0x00000000d5d00000,0x00000000d5d00000)
  to   space 5120K, 0% used [0x00000000d5f80000,0x00000000d5f80000,0x00000000d6480000)
 ParOldGen       total 501760K, used 501629K [0x0000000080000000, 0x000000009ea00000, 0x00000000d5580000)
  object space 501760K, 99% used [0x0000000080000000,0x000000009e9df4d0,0x000000009ea00000)
 Metaspace       used 88443K, committed 90176K, reserved 1179648K
  class space    used 8905K, committed 9728K, reserved 1048576K
}
Event: 5838.746 GC heap after
{Heap after GC invocations=2322 (full 7):
 PSYoungGen      total 9216K, used 5120K [0x00000000d5580000, 0x00000000d6680000, 0x0000000100000000)
  eden space 4096K, 0% used [0x00000000d5580000,0x00000000d5580000,0x00000000d5980000)
  from space 5120K, 100% used [0x00000000d5f80000,0x00000000d6480000,0x00000000d6480000)
  to   space 6144K, 0% used [0x00000000d5980000,0x00000000d5980000,0x00000000d5f80000)
 ParOldGen       total 502272K, used 502205K [0x0000000080000000, 0x000000009ea80000, 0x00000000d5580000)
  object space 502272K, 99% used [0x0000000080000000,0x000000009ea6f4e0,0x000000009ea80000)
 Metaspace       used 88443K, committed 90176K, reserved 1179648K
  class space    used 8905K, committed 9728K, reserved 1048576K
}
Event: 5838.765 GC heap before
{Heap before GC invocations=2323 (full 7):
 PSYoungGen      total 9216K, used 9216K [0x00000000d5580000, 0x00000000d6680000, 0x0000000100000000)
  eden space 4096K, 100% used [0x00000000d5580000,0x00000000d5980000,0x00000000d5980000)
  from space 5120K, 100% used [0x00000000d5f80000,0x00000000d6480000,0x00000000d6480000)
  to   space 6144K, 0% used [0x00000000d5980000,0x00000000d5980000,0x00000000d5f80000)
 ParOldGen       total 502272K, used 502205K [0x0000000080000000, 0x000000009ea80000, 0x00000000d5580000)
  object space 502272K, 99% used [0x0000000080000000,0x000000009ea6f4e0,0x000000009ea80000)
 Metaspace       used 88443K, committed 90176K, reserved 1179648K
  class space    used 8905K, committed 9728K, reserved 1048576K
}
Event: 5838.770 GC heap after
{Heap after GC invocations=2323 (full 7):
 PSYoungGen      total 7680K, used 3248K [0x00000000d5580000, 0x00000000d6280000, 0x0000000100000000)
  eden space 4096K, 0% used [0x00000000d5580000,0x00000000d5580000,0x00000000d5980000)
  from space 3584K, 90% used [0x00000000d5980000,0x00000000d5cac000,0x00000000d5d00000)
  to   space 4608K, 0% used [0x00000000d5e00000,0x00000000d5e00000,0x00000000d6280000)
 ParOldGen       total 507392K, used 507325K [0x0000000080000000, 0x000000009ef80000, 0x00000000d5580000)
  object space 507392K, 99% used [0x0000000080000000,0x000000009ef6f4e0,0x000000009ef80000)
 Metaspace       used 88443K, committed 90176K, reserved 1179648K
  class space    used 8905K, committed 9728K, reserved 1048576K
}
Event: 5838.810 GC heap before
{Heap before GC invocations=2324 (full 7):
 PSYoungGen      total 7680K, used 7344K [0x00000000d5580000, 0x00000000d6280000, 0x0000000100000000)
  eden space 4096K, 100% used [0x00000000d5580000,0x00000000d5980000,0x00000000d5980000)
  from space 3584K, 90% used [0x00000000d5980000,0x00000000d5cac000,0x00000000d5d00000)
  to   space 4608K, 0% used [0x00000000d5e00000,0x00000000d5e00000,0x00000000d6280000)
 ParOldGen       total 507392K, used 507325K [0x0000000080000000, 0x000000009ef80000, 0x00000000d5580000)
  object space 507392K, 99% used [0x0000000080000000,0x000000009ef6f4e0,0x000000009ef80000)
 Metaspace       used 88443K, committed 90176K, reserved 1179648K
  class space    used 8905K, committed 9728K, reserved 1048576K
}
Event: 5838.814 GC heap after
{Heap after GC invocations=2324 (full 7):
 PSYoungGen      total 7680K, used 3468K [0x00000000d5580000, 0x00000000d6180000, 0x0000000100000000)
  eden space 4096K, 0% used [0x00000000d5580000,0x00000000d5580000,0x00000000d5980000)
  from space 3584K, 96% used [0x00000000d5e00000,0x00000000d6163340,0x00000000d6180000)
  to   space 3584K, 0% used [0x00000000d5980000,0x00000000d5980000,0x00000000d5d00000)
 ParOldGen       total 510464K, used 510453K [0x0000000080000000, 0x000000009f280000, 0x00000000d5580000)
  object space 510464K, 99% used [0x0000000080000000,0x000000009f27d4e0,0x000000009f280000)
 Metaspace       used 88443K, committed 90176K, reserved 1179648K
  class space    used 8905K, committed 9728K, reserved 1048576K
}
Event: 5838.831 GC heap before
{Heap before GC invocations=2325 (full 7):
 PSYoungGen      total 7680K, used 7564K [0x00000000d5580000, 0x00000000d6180000, 0x0000000100000000)
  eden space 4096K, 100% used [0x00000000d5580000,0x00000000d5980000,0x00000000d5980000)
  from space 3584K, 96% used [0x00000000d5e00000,0x00000000d6163340,0x00000000d6180000)
  to   space 3584K, 0% used [0x00000000d5980000,0x00000000d5980000,0x00000000d5d00000)
 ParOldGen       total 510464K, used 510453K [0x0000000080000000, 0x000000009f280000, 0x00000000d5580000)
  object space 510464K, 99% used [0x0000000080000000,0x000000009f27d4e0,0x000000009f280000)
 Metaspace       used 88443K, committed 90176K, reserved 1179648K
  class space    used 8905K, committed 9728K, reserved 1048576K
}
Event: 5838.837 GC heap after
{Heap after GC invocations=2325 (full 7):
 PSYoungGen      total 7680K, used 3584K [0x00000000d5580000, 0x00000000d6980000, 0x0000000100000000)
  eden space 4096K, 0% used [0x00000000d5580000,0x00000000d5580000,0x00000000d5980000)
  from space 3584K, 100% used [0x00000000d5980000,0x00000000d5d00000,0x00000000d5d00000)
  to   space 8192K, 0% used [0x00000000d6180000,0x00000000d6180000,0x00000000d6980000)
 ParOldGen       total 514048K, used 513986K [0x0000000080000000, 0x000000009f600000, 0x00000000d5580000)
  object space 514048K, 99% used [0x0000000080000000,0x000000009f5f0a00,0x000000009f600000)
 Metaspace       used 88443K, committed 90176K, reserved 1179648K
  class space    used 8905K, committed 9728K, reserved 1048576K
}
Event: 5838.864 GC heap before
{Heap before GC invocations=2326 (full 7):
 PSYoungGen      total 7680K, used 7679K [0x00000000d5580000, 0x00000000d6980000, 0x0000000100000000)
  eden space 4096K, 99% used [0x00000000d5580000,0x00000000d597ff40,0x00000000d5980000)
  from space 3584K, 100% used [0x00000000d5980000,0x00000000d5d00000,0x00000000d5d00000)
  to   space 8192K, 0% used [0x00000000d6180000,0x00000000d6180000,0x00000000d6980000)
 ParOldGen       total 514048K, used 513986K [0x0000000080000000, 0x000000009f600000, 0x00000000d5580000)
  object space 514048K, 99% used [0x0000000080000000,0x000000009f5f0a00,0x000000009f600000)
 Metaspace       used 88443K, committed 90176K, reserved 1179648K
  class space    used 8905K, committed 9728K, reserved 1048576K
}
Event: 5838.868 GC heap after
{Heap after GC invocations=2326 (full 7):
 PSYoungGen      total 7168K, used 3040K [0x00000000d5580000, 0x00000000d6480000, 0x0000000100000000)
  eden space 4096K, 0% used [0x00000000d5580000,0x00000000d5580000,0x00000000d5980000)
  from space 3072K, 98% used [0x00000000d6180000,0x00000000d6478000,0x00000000d6480000)
  to   space 4608K, 0% used [0x00000000d5b80000,0x00000000d5b80000,0x00000000d6000000)
 ParOldGen       total 517632K, used 517602K [0x0000000080000000, 0x000000009f980000, 0x00000000d5580000)
  object space 517632K, 99% used [0x0000000080000000,0x000000009f978a00,0x000000009f980000)
 Metaspace       used 88443K, committed 90176K, reserved 1179648K
  class space    used 8905K, committed 9728K, reserved 1048576K
}
Event: 5838.965 GC heap before
{Heap before GC invocations=2327 (full 7):
 PSYoungGen      total 7168K, used 7136K [0x00000000d5580000, 0x00000000d6480000, 0x0000000100000000)
  eden space 4096K, 100% used [0x00000000d5580000,0x00000000d5980000,0x00000000d5980000)
  from space 3072K, 98% used [0x00000000d6180000,0x00000000d6478000,0x00000000d6480000)
  to   space 4608K, 0% used [0x00000000d5b80000,0x00000000d5b80000,0x00000000d6000000)
 ParOldGen       total 549376K, used 548322K [0x0000000080000000, 0x00000000a1880000, 0x00000000d5580000)
  object space 549376K, 99% used [0x0000000080000000,0x00000000a1778a30,0x00000000a1880000)
 Metaspace       used 88443K, committed 90176K, reserved 1179648K
  class space    used 8905K, committed 9728K, reserved 1048576K
}
Event: 5838.968 GC heap after
{Heap after GC invocations=2327 (full 7):
 PSYoungGen      total 8704K, used 352K [0x00000000d5580000, 0x00000000d6200000, 0x0000000100000000)
  eden space 4096K, 0% used [0x00000000d5580000,0x00000000d5580000,0x00000000d5980000)
  from space 4608K, 7% used [0x00000000d5b80000,0x00000000d5bd8000,0x00000000d6000000)
  to   space 2048K, 0% used [0x00000000d6000000,0x00000000d6000000,0x00000000d6200000)
 ParOldGen       total 551424K, used 551250K [0x0000000080000000, 0x00000000a1a80000, 0x00000000d5580000)
  object space 551424K, 99% used [0x0000000080000000,0x00000000a1a54a30,0x00000000a1a80000)
 Metaspace       used 88443K, committed 90176K, reserved 1179648K
  class space    used 8905K, committed 9728K, reserved 1048576K
}
Event: 5839.479 GC heap before
{Heap before GC invocations=2328 (full 7):
 PSYoungGen      total 8704K, used 4448K [0x00000000d5580000, 0x00000000d6200000, 0x0000000100000000)
  eden space 4096K, 100% used [0x00000000d5580000,0x00000000d5980000,0x00000000d5980000)
  from space 4608K, 7% used [0x00000000d5b80000,0x00000000d5bd8000,0x00000000d6000000)
  to   space 2048K, 0% used [0x00000000d6000000,0x00000000d6000000,0x00000000d6200000)
 ParOldGen       total 551424K, used 551250K [0x0000000080000000, 0x00000000a1a80000, 0x00000000d5580000)
  object space 551424K, 99% used [0x0000000080000000,0x00000000a1a54a30,0x00000000a1a80000)
 Metaspace       used 88447K, committed 90176K, reserved 1179648K
  class space    used 8905K, committed 9728K, reserved 1048576K
}
Event: 5839.480 GC heap after
{Heap after GC invocations=2328 (full 7):
 PSYoungGen      total 5120K, used 528K [0x00000000d5580000, 0x00000000d6100000, 0x0000000100000000)
  eden space 4096K, 0% used [0x00000000d5580000,0x00000000d5580000,0x00000000d5980000)
  from space 1024K, 51% used [0x00000000d6000000,0x00000000d6084010,0x00000000d6100000)
  to   space 1024K, 0% used [0x00000000d5f00000,0x00000000d5f00000,0x00000000d6000000)
 ParOldGen       total 551424K, used 551338K [0x0000000080000000, 0x00000000a1a80000, 0x00000000d5580000)
  object space 551424K, 99% used [0x0000000080000000,0x00000000a1a6aa30,0x00000000a1a80000)
 Metaspace       used 88447K, committed 90176K, reserved 1179648K
  class space    used 8905K, committed 9728K, reserved 1048576K
}

Dll operation events (12 events):
Event: 0.017 Loaded shared library c:\Users\71021752\.vscode\extensions\redhat.java-1.51.0-win32-x64\jre\21.0.9-win32-x86_64\bin\java.dll
Event: 0.056 Loaded shared library c:\Users\71021752\.vscode\extensions\redhat.java-1.51.0-win32-x64\jre\21.0.9-win32-x86_64\bin\zip.dll
Event: 0.174 Loaded shared library C:\Users\71021752\.vscode\extensions\redhat.java-1.51.0-win32-x64\jre\21.0.9-win32-x86_64\bin\instrument.dll
Event: 0.284 Loaded shared library C:\Users\71021752\.vscode\extensions\redhat.java-1.51.0-win32-x64\jre\21.0.9-win32-x86_64\bin\net.dll
Event: 0.290 Loaded shared library C:\Users\71021752\.vscode\extensions\redhat.java-1.51.0-win32-x64\jre\21.0.9-win32-x86_64\bin\nio.dll
Event: 0.297 Loaded shared library C:\Users\71021752\.vscode\extensions\redhat.java-1.51.0-win32-x64\jre\21.0.9-win32-x86_64\bin\zip.dll
Event: 0.331 Loaded shared library C:\Users\71021752\.vscode\extensions\redhat.java-1.51.0-win32-x64\jre\21.0.9-win32-x86_64\bin\jimage.dll
Event: 0.503 Loaded shared library c:\Users\71021752\.vscode\extensions\redhat.java-1.51.0-win32-x64\jre\21.0.9-win32-x86_64\bin\verify.dll
Event: 16.396 Loaded shared library C:\Users\71021752\AppData\Roaming\Code\User\globalStorage\redhat.java\1.51.0\config_win\org.eclipse.equinox.launcher\org.eclipse.equinox.launcher.win32.win32.x86_64_1.2.1400.v20250801-0854\eclipse_11916.dll
Event: 29.543 Loaded shared library C:\Users\71021752\AppData\Local\Temp\jna--969782369\jna7582659897219922441.dll
Event: 31.137 Loaded shared library C:\Users\71021752\.vscode\extensions\redhat.java-1.51.0-win32-x64\jre\21.0.9-win32-x86_64\bin\sunmscapi.dll
Event: 31.584 Loaded shared library C:\Users\71021752\.vscode\extensions\redhat.java-1.51.0-win32-x64\jre\21.0.9-win32-x86_64\bin\extnet.dll

Deoptimization events (20 events):
Event: 5829.590 Thread 0x000002696f3a2620 Uncommon trap: trap_request=0xffffffde fr.pc=0x000002691c4fc348 relative=0x00000000000034a8
Event: 5829.590 Thread 0x000002696f3a2620 Uncommon trap: reason=class_check action=maybe_recompile pc=0x000002691c4fc348 method=org.eclipse.jdt.core.dom.DefaultBindingResolver.resolveName(Lorg/eclipse/jdt/core/dom/Name;)Lorg/eclipse/jdt/core/dom/IBinding; @ 547 c2
Event: 5829.590 Thread 0x000002696f3a2620 DEOPT PACKING pc=0x000002691c4fc348 sp=0x000000d5715fe720
Event: 5829.590 Thread 0x000002696f3a2620 DEOPT UNPACKING pc=0x000002691acf3aa2 sp=0x000000d5715fe6c8 mode 2
Event: 5830.629 Thread 0x0000026971f89cd0 Uncommon trap: trap_request=0xffffffc6 fr.pc=0x000002691bfe64e8 relative=0x0000000000000b68
Event: 5830.629 Thread 0x0000026971f89cd0 Uncommon trap: reason=bimorphic_or_optimized_type_check action=maybe_recompile pc=0x000002691bfe64e8 method=java.util.stream.ReferencePipeline.toArray(Ljava/util/function/IntFunction;)[Ljava/lang/Object; @ 12 c2
Event: 5830.629 Thread 0x0000026971f89cd0 DEOPT PACKING pc=0x000002691bfe64e8 sp=0x000000d56ebff150
Event: 5830.629 Thread 0x0000026971f89cd0 DEOPT UNPACKING pc=0x000002691acf3aa2 sp=0x000000d56ebff130 mode 2
Event: 5838.687 Thread 0x000002696f3a4060 Uncommon trap: trap_request=0xffffff45 fr.pc=0x000002691ba1f040 relative=0x00000000000011e0
Event: 5838.687 Thread 0x000002696f3a4060 Uncommon trap: reason=unstable_if action=reinterpret pc=0x000002691ba1f040 method=org.eclipse.jdt.internal.core.index.DiskIndex.writeStreamInt(Ljava/io/OutputStream;I)V @ 9 c2
Event: 5838.687 Thread 0x000002696f3a4060 DEOPT PACKING pc=0x000002691ba1f040 sp=0x000000d56e7fea80
Event: 5838.687 Thread 0x000002696f3a4060 DEOPT UNPACKING pc=0x000002691acf3aa2 sp=0x000000d56e7fe9c0 mode 2
Event: 5913.841 Thread 0x000002697c3f7890 Uncommon trap: trap_request=0xffffff45 fr.pc=0x000002691b331c50 relative=0x0000000000000270
Event: 5913.841 Thread 0x000002697c3f7890 Uncommon trap: reason=unstable_if action=reinterpret pc=0x000002691b331c50 method=org.eclipse.jdt.internal.corext.dom.SelectionAnalyzer.visitNode(Lorg/eclipse/jdt/core/dom/ASTNode;)Z @ 57 c2
Event: 5913.841 Thread 0x000002697c3f7890 DEOPT PACKING pc=0x000002691b331c50 sp=0x000000d571bfe530
Event: 5913.841 Thread 0x000002697c3f7890 DEOPT UNPACKING pc=0x000002691acf3aa2 sp=0x000000d571bfe4e0 mode 2
Event: 6135.859 Thread 0x000002697092c5f0 Uncommon trap: trap_request=0xffffffc6 fr.pc=0x000002691bfe64e8 relative=0x0000000000000b68
Event: 6135.859 Thread 0x000002697092c5f0 Uncommon trap: reason=bimorphic_or_optimized_type_check action=maybe_recompile pc=0x000002691bfe64e8 method=java.util.stream.ReferencePipeline.toArray(Ljava/util/function/IntFunction;)[Ljava/lang/Object; @ 12 c2
Event: 6135.860 Thread 0x000002697092c5f0 DEOPT PACKING pc=0x000002691bfe64e8 sp=0x000000d56e2fefa0
Event: 6135.860 Thread 0x000002697092c5f0 DEOPT UNPACKING pc=0x000002691acf3aa2 sp=0x000000d56e2fef80 mode 2

Classes loaded (20 events):
Event: 5377.849 Loading class java/util/TreeMap$NavigableSubMap$SubMapIterator done
Event: 5377.849 Loading class java/util/TreeMap$NavigableSubMap$SubMapKeyIterator done
Event: 5377.929 Loading class java/util/concurrent/ConcurrentHashMap$KeySpliterator
Event: 5377.930 Loading class java/util/concurrent/ConcurrentHashMap$KeySpliterator done
Event: 5378.033 Loading class java/io/CharArrayWriter
Event: 5378.034 Loading class java/io/CharArrayWriter done
Event: 5386.221 Loading class java/util/function/IntPredicate
Event: 5386.221 Loading class java/util/function/IntPredicate done
Event: 5386.252 Loading class java/util/regex/Pattern$Bound
Event: 5386.253 Loading class java/util/regex/Pattern$Bound done
Event: 5387.964 Loading class java/util/concurrent/CompletionException
Event: 5387.965 Loading class java/util/concurrent/CompletionException done
Event: 5437.309 Loading class java/nio/channels/CompletionHandler
Event: 5437.311 Loading class java/nio/channels/CompletionHandler done
Event: 5550.928 Loading class java/lang/StringLatin1$CharsSpliterator
Event: 5550.930 Loading class java/lang/StringLatin1$CharsSpliterator done
Event: 5724.853 Loading class java/util/regex/Pattern$Behind
Event: 5724.855 Loading class java/util/regex/Pattern$Behind done
Event: 5724.855 Loading class java/util/regex/Pattern$Neg
Event: 5724.855 Loading class java/util/regex/Pattern$Neg done

Classes unloaded (20 events):
Event: 5392.669 Thread 0x000002691062e8f0 Unloading class 0x0000026928017400 'java/lang/invoke/LambdaForm$MH+0x0000026928017400'
Event: 5392.669 Thread 0x000002691062e8f0 Unloading class 0x0000026928016400 'java/lang/invoke/LambdaForm$MH+0x0000026928016400'
Event: 5392.669 Thread 0x000002691062e8f0 Unloading class 0x000002692800d800 'java/lang/invoke/LambdaForm$MH+0x000002692800d800'
Event: 5392.669 Thread 0x000002691062e8f0 Unloading class 0x000002692800d400 'java/lang/invoke/LambdaForm$MH+0x000002692800d400'
Event: 5392.669 Thread 0x000002691062e8f0 Unloading class 0x000002692800d000 'java/lang/invoke/LambdaForm$MH+0x000002692800d000'
Event: 5392.669 Thread 0x000002691062e8f0 Unloading class 0x000002692800cc00 'java/lang/invoke/LambdaForm$MH+0x000002692800cc00'
Event: 5392.669 Thread 0x000002691062e8f0 Unloading class 0x000002692800c800 'java/lang/invoke/LambdaForm$BMH+0x000002692800c800'
Event: 5392.669 Thread 0x000002691062e8f0 Unloading class 0x000002692800c000 'java/lang/invoke/LambdaForm$DMH+0x000002692800c000'
Event: 5392.669 Thread 0x000002691062e8f0 Unloading class 0x0000026928008c00 'java/lang/invoke/LambdaForm$MH+0x0000026928008c00'
Event: 5392.669 Thread 0x000002691062e8f0 Unloading class 0x0000026928008800 'java/lang/invoke/LambdaForm$MH+0x0000026928008800'
Event: 5392.669 Thread 0x000002691062e8f0 Unloading class 0x0000026928008400 'java/lang/invoke/LambdaForm$MH+0x0000026928008400'
Event: 5392.669 Thread 0x000002691062e8f0 Unloading class 0x0000026928007000 'java/lang/invoke/LambdaForm$MH+0x0000026928007000'
Event: 5392.669 Thread 0x000002691062e8f0 Unloading class 0x0000026928006c00 'java/lang/invoke/LambdaForm$MH+0x0000026928006c00'
Event: 5392.669 Thread 0x000002691062e8f0 Unloading class 0x0000026928006800 'java/lang/invoke/LambdaForm$MH+0x0000026928006800'
Event: 5392.669 Thread 0x000002691062e8f0 Unloading class 0x0000026928006400 'java/lang/invoke/LambdaForm$MH+0x0000026928006400'
Event: 5392.669 Thread 0x000002691062e8f0 Unloading class 0x0000026928005c00 'java/lang/invoke/LambdaForm$BMH+0x0000026928005c00'
Event: 5392.669 Thread 0x000002691062e8f0 Unloading class 0x0000026928004800 'java/lang/invoke/LambdaForm$DMH+0x0000026928004800'
Event: 5392.669 Thread 0x000002691062e8f0 Unloading class 0x0000026928002400 'java/lang/invoke/LambdaForm$MH+0x0000026928002400'
Event: 5392.669 Thread 0x000002691062e8f0 Unloading class 0x0000026928002000 'java/lang/invoke/LambdaForm$MH+0x0000026928002000'
Event: 5392.669 Thread 0x000002691062e8f0 Unloading class 0x0000026928001800 'java/lang/invoke/LambdaForm$MH+0x0000026928001800'

Classes redefined (0 events):
No events

Internal exceptions (20 events):
Event: 5812.737 Thread 0x000002696f3a4060 Exception <a 'sun/nio/fs/WindowsException'{0x00000000d55e5a80}> (0x00000000d55e5a80) 
thrown [s\src\hotspot\share\prims\jni.cpp, line 520]
Event: 5812.858 Thread 0x000002696f3a4060 Exception <a 'sun/nio/fs/WindowsException'{0x00000000d56e5a58}> (0x00000000d56e5a58) 
thrown [s\src\hotspot\share\prims\jni.cpp, line 520]
Event: 5816.381 Thread 0x000002697c3f7890 Implicit null exception at 0x000002691c1799ba to 0x000002691c179ccc
Event: 5818.151 Thread 0x000002696f3a4060 Exception <a 'sun/nio/fs/WindowsException'{0x00000000d55b3898}> (0x00000000d55b3898) 
thrown [s\src\hotspot\share\prims\jni.cpp, line 520]
Event: 5818.242 Thread 0x000002696f3a4060 Exception <a 'sun/nio/fs/WindowsException'{0x00000000d5617500}> (0x00000000d5617500) 
thrown [s\src\hotspot\share\prims\jni.cpp, line 520]
Event: 5822.891 Thread 0x000002696f3a4060 Exception <a 'sun/nio/fs/WindowsException'{0x00000000d57db2e0}> (0x00000000d57db2e0) 
thrown [s\src\hotspot\share\prims\jni.cpp, line 520]
Event: 5822.988 Thread 0x000002696f3a4060 Exception <a 'sun/nio/fs/WindowsException'{0x00000000d56178f8}> (0x00000000d56178f8) 
thrown [s\src\hotspot\share\prims\jni.cpp, line 520]
Event: 5827.287 Thread 0x000002696f3a2620 Exception <a 'java/lang/NoSuchMethodError'{0x00000000d57559d8}: 'int java.lang.invoke.DirectMethodHandle$Holder.invokeVirtual(java.lang.Object, java.lang.Object, java.lang.Object, int)'> (0x00000000d57559d8) 
thrown [s\src\hotspot\share\interpreter\linkResolver.cpp, line 773]
Event: 5827.714 Thread 0x000002696f3a4060 Exception <a 'sun/nio/fs/WindowsException'{0x00000000d5883590}> (0x00000000d5883590) 
thrown [s\src\hotspot\share\prims\jni.cpp, line 520]
Event: 5827.809 Thread 0x000002696f3a4060 Exception <a 'sun/nio/fs/WindowsException'{0x00000000d5819f38}> (0x00000000d5819f38) 
thrown [s\src\hotspot\share\prims\jni.cpp, line 520]
Event: 5830.403 Thread 0x000002696f3a4060 Exception <a 'sun/nio/fs/WindowsException'{0x00000000d56b4178}> (0x00000000d56b4178) 
thrown [s\src\hotspot\share\prims\jni.cpp, line 520]
Event: 5830.536 Thread 0x000002696f3a4060 Exception <a 'sun/nio/fs/WindowsException'{0x00000000d560a0c8}> (0x00000000d560a0c8) 
thrown [s\src\hotspot\share\prims\jni.cpp, line 520]
Event: 5830.628 Thread 0x000002697092f3e0 Exception <a 'sun/nio/fs/WindowsException'{0x00000000d56fa308}> (0x00000000d56fa308) 
thrown [s\src\hotspot\share\prims\jni.cpp, line 520]
Event: 5830.628 Thread 0x000002697092f3e0 Exception <a 'sun/nio/fs/WindowsException'{0x00000000d56fadb8}> (0x00000000d56fadb8) 
thrown [s\src\hotspot\share\prims\jni.cpp, line 520]
Event: 5835.822 Thread 0x000002696f3a4060 Exception <a 'sun/nio/fs/WindowsException'{0x00000000d570b568}> (0x00000000d570b568) 
thrown [s\src\hotspot\share\prims\jni.cpp, line 520]
Event: 5835.926 Thread 0x000002696f3a4060 Exception <a 'sun/nio/fs/WindowsException'{0x00000000d55932b8}> (0x00000000d55932b8) 
thrown [s\src\hotspot\share\prims\jni.cpp, line 520]
Event: 5838.707 Thread 0x000002696f3a4060 Exception <a 'sun/nio/fs/WindowsException'{0x00000000d56a6030}> (0x00000000d56a6030) 
thrown [s\src\hotspot\share\prims\jni.cpp, line 520]
Event: 5838.905 Thread 0x000002696f3a4060 Exception <a 'sun/nio/fs/WindowsException'{0x00000000d56183a0}> (0x00000000d56183a0) 
thrown [s\src\hotspot\share\prims\jni.cpp, line 520]
Event: 6135.852 Thread 0x000002697092fa70 Exception <a 'sun/nio/fs/WindowsException'{0x00000000d5834488}> (0x00000000d5834488) 
thrown [s\src\hotspot\share\prims\jni.cpp, line 520]
Event: 6135.853 Thread 0x000002697092fa70 Exception <a 'sun/nio/fs/WindowsException'{0x00000000d5834f18}> (0x00000000d5834f18) 
thrown [s\src\hotspot\share\prims\jni.cpp, line 520]

ZGC Phase Switch (0 events):
No events

VM Operations (20 events):
Event: 5995.994 Executing VM operation: Cleanup
Event: 5995.994 Executing VM operation: Cleanup done
Event: 6055.629 Executing VM operation: HandshakeAllThreads (HandshakeForDeflation)
Event: 6055.629 Executing VM operation: HandshakeAllThreads (HandshakeForDeflation) done
Event: 6055.629 Executing VM operation: RendezvousGCThreads
Event: 6055.629 Executing VM operation: RendezvousGCThreads done
Event: 6136.212 Executing VM operation: Cleanup
Event: 6136.213 Executing VM operation: Cleanup done
Event: 6175.659 Executing VM operation: HandshakeAllThreads (HandshakeForDeflation)
Event: 6175.660 Executing VM operation: HandshakeAllThreads (HandshakeForDeflation) done
Event: 6175.660 Executing VM operation: RendezvousGCThreads
Event: 6175.660 Executing VM operation: RendezvousGCThreads done
Event: 6897.134 Executing VM operation: HandshakeAllThreads (HandshakeForDeflation)
Event: 6897.135 Executing VM operation: HandshakeAllThreads (HandshakeForDeflation) done
Event: 6897.135 Executing VM operation: RendezvousGCThreads
Event: 6897.135 Executing VM operation: RendezvousGCThreads done
Event: 7799.191 Executing VM operation: HandshakeAllThreads (HandshakeForDeflation)
Event: 7799.192 Executing VM operation: HandshakeAllThreads (HandshakeForDeflation) done
Event: 7799.192 Executing VM operation: RendezvousGCThreads
Event: 7799.192 Executing VM operation: RendezvousGCThreads done

Memory protections (0 events):
No events

Nmethod flushes (20 events):
Event: 5812.929 Thread 0x000002691062e8f0 flushing  nmethod 0x0000026915d0ee10
Event: 5812.929 Thread 0x000002691062e8f0 flushing  nmethod 0x0000026915d4af90
Event: 5812.929 Thread 0x000002691062e8f0 flushing  nmethod 0x0000026915da6890
Event: 5812.929 Thread 0x000002691062e8f0 flushing  nmethod 0x0000026915dbfc90
Event: 5812.929 Thread 0x000002691062e8f0 flushing  nmethod 0x0000026915dd9010
Event: 5812.929 Thread 0x000002691062e8f0 flushing  nmethod 0x0000026915dd9690
Event: 5812.929 Thread 0x000002691062e8f0 flushing  nmethod 0x0000026915e28810
Event: 5812.929 Thread 0x000002691062e8f0 flushing  nmethod 0x0000026915e44410
Event: 5812.929 Thread 0x000002691062e8f0 flushing  nmethod 0x0000026915edc710
Event: 5812.929 Thread 0x000002691062e8f0 flushing  nmethod 0x0000026915ef6d90
Event: 5812.929 Thread 0x000002691062e8f0 flushing  nmethod 0x0000026915ffbc10
Event: 5812.929 Thread 0x000002691062e8f0 flushing  nmethod 0x00000269160c6c10
Event: 5812.929 Thread 0x000002691062e8f0 flushing  nmethod 0x00000269160e5490
Event: 5812.929 Thread 0x000002691062e8f0 flushing  nmethod 0x00000269160e5d10
Event: 5812.929 Thread 0x000002691062e8f0 flushing  nmethod 0x00000269160ea090
Event: 5812.929 Thread 0x000002691062e8f0 flushing  nmethod 0x00000269160ec510
Event: 5812.929 Thread 0x000002691062e8f0 flushing  nmethod 0x00000269160f0590
Event: 5812.929 Thread 0x000002691062e8f0 flushing  nmethod 0x00000269160f1310
Event: 5812.929 Thread 0x000002691062e8f0 flushing  nmethod 0x00000269160f3090
Event: 5812.929 Thread 0x000002691062e8f0 flushing  nmethod 0x00000269160fe010

Events (20 events):
Event: 6119.376 Thread 0x0000026971f87c00 Thread exited: 0x0000026971f87c00
Event: 6120.563 Thread 0x0000026971f84e10 Thread exited: 0x0000026971f84e10
Event: 6123.022 Thread 0x0000026971f88290 Thread exited: 0x0000026971f88290
Event: 6127.832 Thread 0x0000026971f840f0 Thread exited: 0x0000026971f840f0
Event: 6130.499 Thread 0x00000269700a1fb0 Thread exited: 0x00000269700a1fb0
Event: 6135.857 Thread 0x000002697092fa70 Thread added: 0x000002697092c5f0
Event: 6135.858 Thread 0x000002697092c5f0 Thread added: 0x000002697092cc80
Event: 6135.859 Thread 0x000002697092c5f0 Thread added: 0x000002697092b8d0
Event: 6135.860 Thread 0x000002697092c5f0 Thread exited: 0x000002697092c5f0
Event: 6135.860 Thread 0x000002697092b8d0 Thread exited: 0x000002697092b8d0
Event: 6135.861 Thread 0x000002697092cc80 Thread exited: 0x000002697092cc80
Event: 6135.928 Thread 0x000002696f3a4d80 Thread exited: 0x000002696f3a4d80
Event: 6138.801 Thread 0x000002697c3f85b0 Thread exited: 0x000002697c3f85b0
Event: 6153.877 Thread 0x000002697c3f7200 Thread exited: 0x000002697c3f7200
Event: 6213.884 Thread 0x000002697092d9a0 Thread exited: 0x000002697092d9a0
Event: 6273.894 Thread 0x000002697092abb0 Thread exited: 0x000002697092abb0
Event: 6333.905 Thread 0x000002697c3f64e0 Thread exited: 0x000002697c3f64e0
Event: 6393.912 Thread 0x000002696f3a1f90 Thread exited: 0x000002696f3a1f90
Event: 6453.918 Thread 0x000002697092d310 Thread exited: 0x000002697092d310
Event: 6513.927 Thread 0x000002696f3a5410 Thread exited: 0x000002696f3a5410


Dynamic libraries:
0x00007ff6086e0000 - 0x00007ff6086ee000 	c:\Users\71021752\.vscode\extensions\redhat.java-1.51.0-win32-x64\jre\21.0.9-win32-x86_64\bin\java.exe
0x00007ffac8600000 - 0x00007ffac8867000 	C:\WINDOWS\SYSTEM32\ntdll.dll
0x00007ffac77c0000 - 0x00007ffac7889000 	C:\WINDOWS\System32\KERNEL32.DLL
0x00007ffac5d40000 - 0x00007ffac612f000 	C:\WINDOWS\System32\KERNELBASE.dll
0x00007ffaae240000 - 0x00007ffaae258000 	c:\Users\71021752\.vscode\extensions\redhat.java-1.51.0-win32-x64\jre\21.0.9-win32-x86_64\bin\jli.dll
0x00007ffaae290000 - 0x00007ffaae2ae000 	c:\Users\71021752\.vscode\extensions\redhat.java-1.51.0-win32-x64\jre\21.0.9-win32-x86_64\bin\VCRUNTIME140.dll
0x00007ffac5750000 - 0x00007ffac589b000 	C:\WINDOWS\System32\ucrtbase.dll
0x00007ffac7410000 - 0x00007ffac75d5000 	C:\WINDOWS\System32\USER32.dll
0x00007ffac62c0000 - 0x00007ffac62e7000 	C:\WINDOWS\System32\win32u.dll
0x00007ffab2f30000 - 0x00007ffab31c3000 	C:\WINDOWS\WinSxS\amd64_microsoft.windows.common-controls_6595b64144ccf1df_6.0.26100.7309_none_3e05feeae336a044\COMCTL32.dll
0x00007ffac6730000 - 0x00007ffac675b000 	C:\WINDOWS\System32\GDI32.dll
0x00007ffac58a0000 - 0x00007ffac59cc000 	C:\WINDOWS\System32\gdi32full.dll
0x00007ffac59d0000 - 0x00007ffac5a73000 	C:\WINDOWS\System32\msvcp_win.dll
0x00007ffac7220000 - 0x00007ffac72c9000 	C:\WINDOWS\System32\msvcrt.dll
0x00007ffac71c0000 - 0x00007ffac71f1000 	C:\WINDOWS\System32\IMM32.DLL
0x00007ffab9a10000 - 0x00007ffab9a1c000 	c:\Users\71021752\.vscode\extensions\redhat.java-1.51.0-win32-x64\jre\21.0.9-win32-x86_64\bin\vcruntime140_1.dll
0x00007ffa91ef0000 - 0x00007ffa91f7d000 	c:\Users\71021752\.vscode\extensions\redhat.java-1.51.0-win32-x64\jre\21.0.9-win32-x86_64\bin\msvcp140.dll
0x00007ff9ff340000 - 0x00007ffa000e0000 	c:\Users\71021752\.vscode\extensions\redhat.java-1.51.0-win32-x64\jre\21.0.9-win32-x86_64\bin\server\jvm.dll
0x00007ffac7890000 - 0x00007ffac7944000 	C:\WINDOWS\System32\ADVAPI32.dll
0x00007ffac8240000 - 0x00007ffac82e6000 	C:\WINDOWS\System32\sechost.dll
0x00007ffac84a0000 - 0x00007ffac85b8000 	C:\WINDOWS\System32\RPCRT4.dll
0x00007ffac8150000 - 0x00007ffac81c4000 	C:\WINDOWS\System32\WS2_32.dll
0x00007ffac55d0000 - 0x00007ffac562e000 	C:\WINDOWS\SYSTEM32\POWRPROF.dll
0x00007ffaafdb0000 - 0x00007ffaafdbb000 	C:\WINDOWS\SYSTEM32\VERSION.dll
0x00007ffaba050000 - 0x00007ffaba085000 	C:\WINDOWS\SYSTEM32\WINMM.dll
0x00007ffac55b0000 - 0x00007ffac55c4000 	C:\WINDOWS\SYSTEM32\UMPDC.dll
0x00007ffac4390000 - 0x00007ffac43ab000 	C:\WINDOWS\SYSTEM32\kernel.appcore.dll
0x00007ffab80c0000 - 0x00007ffab80ca000 	c:\Users\71021752\.vscode\extensions\redhat.java-1.51.0-win32-x64\jre\21.0.9-win32-x86_64\bin\jimage.dll
0x00007ffac2d40000 - 0x00007ffac2f82000 	C:\WINDOWS\SYSTEM32\DBGHELP.DLL
0x00007ffac63a0000 - 0x00007ffac6726000 	C:\WINDOWS\System32\combase.dll
0x00007ffac72d0000 - 0x00007ffac73a6000 	C:\WINDOWS\System32\OLEAUT32.dll
0x00007ffaa67b0000 - 0x00007ffaa67ec000 	C:\WINDOWS\SYSTEM32\dbgcore.DLL
0x00007ffac62f0000 - 0x00007ffac6395000 	C:\WINDOWS\System32\bcryptPrimitives.dll
0x00007ffab69a0000 - 0x00007ffab69af000 	c:\Users\71021752\.vscode\extensions\redhat.java-1.51.0-win32-x64\jre\21.0.9-win32-x86_64\bin\instrument.dll
0x00007ffaad940000 - 0x00007ffaad960000 	c:\Users\71021752\.vscode\extensions\redhat.java-1.51.0-win32-x64\jre\21.0.9-win32-x86_64\bin\java.dll
0x00007ffac79f0000 - 0x00007ffac8143000 	C:\WINDOWS\System32\SHELL32.dll
0x00007ffac5bd0000 - 0x00007ffac5d3a000 	C:\WINDOWS\System32\wintypes.dll
0x00007ffac2fe0000 - 0x00007ffac383e000 	C:\WINDOWS\SYSTEM32\windows.storage.dll
0x00007ffac82f0000 - 0x00007ffac83e5000 	C:\WINDOWS\System32\SHCORE.dll
0x00007ffac81d0000 - 0x00007ffac8236000 	C:\WINDOWS\System32\shlwapi.dll
0x00007ffac5670000 - 0x00007ffac5699000 	C:\WINDOWS\SYSTEM32\profapi.dll
0x00007ffaad310000 - 0x00007ffaad328000 	c:\Users\71021752\.vscode\extensions\redhat.java-1.51.0-win32-x64\jre\21.0.9-win32-x86_64\bin\zip.dll
0x00007ffab6950000 - 0x00007ffab6960000 	C:\Users\71021752\.vscode\extensions\redhat.java-1.51.0-win32-x64\jre\21.0.9-win32-x86_64\bin\net.dll
0x00007ffac43b0000 - 0x00007ffac44d8000 	C:\WINDOWS\SYSTEM32\WINHTTP.dll
0x00007ffac4a10000 - 0x00007ffac4a7b000 	C:\WINDOWS\system32\mswsock.dll
0x00007ffaac180000 - 0x00007ffaac196000 	C:\Users\71021752\.vscode\extensions\redhat.java-1.51.0-win32-x64\jre\21.0.9-win32-x86_64\bin\nio.dll
0x00007ffab2e60000 - 0x00007ffab2e70000 	c:\Users\71021752\.vscode\extensions\redhat.java-1.51.0-win32-x64\jre\21.0.9-win32-x86_64\bin\verify.dll
0x00007ffab0bb0000 - 0x00007ffab0bf4000 	C:\Users\71021752\AppData\Roaming\Code\User\globalStorage\redhat.java\1.51.0\config_win\org.eclipse.equinox.launcher\org.eclipse.equinox.launcher.win32.win32.x86_64_1.2.1400.v20250801-0854\eclipse_11916.dll
0x00007ffac6ec0000 - 0x00007ffac7057000 	C:\WINDOWS\System32\ole32.dll
0x00007ffac4e00000 - 0x00007ffac4e1b000 	C:\WINDOWS\SYSTEM32\CRYPTSP.dll
0x00007ffac42f0000 - 0x00007ffac432a000 	C:\WINDOWS\system32\rsaenh.dll
0x00007ffac4ac0000 - 0x00007ffac4aeb000 	C:\WINDOWS\SYSTEM32\USERENV.dll
0x00007ffac5640000 - 0x00007ffac566a000 	C:\WINDOWS\SYSTEM32\bcrypt.dll
0x00007ffac4de0000 - 0x00007ffac4dec000 	C:\WINDOWS\SYSTEM32\CRYPTBASE.dll
0x00007ffac3b80000 - 0x00007ffac3bb4000 	C:\WINDOWS\SYSTEM32\IPHLPAPI.DLL
0x00007ffac7950000 - 0x00007ffac795a000 	C:\WINDOWS\System32\NSI.dll
0x00007ffaadc10000 - 0x00007ffaadc59000 	C:\Users\71021752\AppData\Local\Temp\jna--969782369\jna7582659897219922441.dll
0x00007ffac79e0000 - 0x00007ffac79e8000 	C:\WINDOWS\System32\PSAPI.DLL
0x00007ffabe490000 - 0x00007ffabe4ae000 	C:\WINDOWS\SYSTEM32\dhcpcsvc6.DLL
0x00007ffabe2a0000 - 0x00007ffabe2c3000 	C:\WINDOWS\SYSTEM32\dhcpcsvc.DLL
0x00007ffac2150000 - 0x00007ffac215e000 	C:\Users\71021752\.vscode\extensions\redhat.java-1.51.0-win32-x64\jre\21.0.9-win32-x86_64\bin\sunmscapi.dll
0x00007ffac6140000 - 0x00007ffac62b7000 	C:\WINDOWS\System32\CRYPT32.dll
0x00007ffac4f50000 - 0x00007ffac4f80000 	C:\WINDOWS\SYSTEM32\ncrypt.dll
0x00007ffac4f00000 - 0x00007ffac4f3f000 	C:\WINDOWS\SYSTEM32\NTASN1.dll
0x00007ffac3bc0000 - 0x00007ffac3cec000 	C:\WINDOWS\SYSTEM32\DNSAPI.dll
0x00007ffab9bd0000 - 0x00007ffab9bdb000 	C:\Windows\System32\rasadhlp.dll
0x00007ffabef70000 - 0x00007ffabeff6000 	C:\WINDOWS\System32\fwpuclnt.dll
0x00007ffab80e0000 - 0x00007ffab80e9000 	C:\Users\71021752\.vscode\extensions\redhat.java-1.51.0-win32-x64\jre\21.0.9-win32-x86_64\bin\extnet.dll

JVMTI agents:
c:\Users\71021752\.vscode\extensions\redhat.java-1.51.0-win32-x64\lombok\lombok-1.18.39-4050.jar path:c:\Users\71021752\.vscode\extensions\redhat.java-1.51.0-win32-x64\jre\21.0.9-win32-x86_64\bin\instrument.dll, loaded, initialized, instrumentlib options:none

dbghelp: loaded successfully - version: 4.0.5 - missing functions: none
symbol engine: initialized successfully - sym options: 0x614 - pdb path: .;c:\Users\71021752\.vscode\extensions\redhat.java-1.51.0-win32-x64\jre\21.0.9-win32-x86_64\bin;C:\WINDOWS\SYSTEM32;C:\WINDOWS\WinSxS\amd64_microsoft.windows.common-controls_6595b64144ccf1df_6.0.26100.7309_none_3e05feeae336a044;c:\Users\71021752\.vscode\extensions\redhat.java-1.51.0-win32-x64\jre\21.0.9-win32-x86_64\bin\server;C:\Users\71021752\AppData\Roaming\Code\User\globalStorage\redhat.java\1.51.0\config_win\org.eclipse.equinox.launcher\org.eclipse.equinox.launcher.win32.win32.x86_64_1.2.1400.v20250801-0854;C:\Users\71021752\AppData\Local\Temp\jna--969782369

VM Arguments:
jvm_args: --add-modules=ALL-SYSTEM --add-opens=java.base/java.util=ALL-UNNAMED --add-opens=java.base/java.lang=ALL-UNNAMED --add-opens=java.base/sun.nio.fs=ALL-UNNAMED -Declipse.application=org.eclipse.jdt.ls.core.id1 -Dosgi.bundles.defaultStartLevel=4 -Declipse.product=org.eclipse.jdt.ls.core.product -Djava.import.generatesMetadataFilesAtProjectRoot=false -DDetectVMInstallationsJob.disabled=true -Dfile.encoding=utf8 -XX:+UseParallelGC -XX:GCTimeRatio=4 -XX:AdaptiveSizePolicyWeight=90 -Dsun.zip.disableMemoryMapping=true -Xmx2G -Xms100m -Xlog:disable -javaagent:c:\Users\71021752\.vscode\extensions\redhat.java-1.51.0-win32-x64\lombok\lombok-1.18.39-4050.jar -XX:+HeapDumpOnOutOfMemoryError -XX:HeapDumpPath=c:\Users\71021752\AppData\Roaming\Code\User\workspaceStorage\6b24a71a04c2c931040f8a080cb8e1da\redhat.java -Daether.dependencyCollector.impl=bf 
java_command: c:\Users\71021752\.vscode\extensions\redhat.java-1.51.0-win32-x64\server\plugins\org.eclipse.equinox.launcher_1.7.100.v20251111-0406.jar -configuration c:\Users\71021752\AppData\Roaming\Code\User\globalStorage\redhat.java\1.51.0\config_win -data c:\Users\71021752\AppData\Roaming\Code\User\workspaceStorage\6b24a71a04c2c931040f8a080cb8e1da\redhat.java\jdt_ws --pipe=\\.\pipe\lsp-81d18b2e42736e88f50367a6d6ff727f-sock
java_class_path (initial): c:\Users\71021752\.vscode\extensions\redhat.java-1.51.0-win32-x64\server\plugins\org.eclipse.equinox.launcher_1.7.100.v20251111-0406.jar
Launcher Type: SUN_STANDARD

[Global flags]
    uintx AdaptiveSizePolicyWeight                 = 90                                        {product} {command line}
     intx CICompilerCount                          = 4                                         {product} {ergonomic}
    uintx GCTimeRatio                              = 4                                         {product} {command line}
     bool HeapDumpOnOutOfMemoryError               = true                                   {manageable} {command line}
    ccstr HeapDumpPath                             = c:\Users\71021752\AppData\Roaming\Code\User\workspaceStorage\6b24a71a04c2c931040f8a080cb8e1da\redhat.java         {manageable} {command line}
   size_t InitialHeapSize                          = 104857600                                 {product} {command line}
   size_t MaxHeapSize                              = 2147483648                                {product} {command line}
   size_t MaxNewSize                               = 715653120                                 {product} {ergonomic}
   size_t MinHeapDeltaBytes                        = 524288                                    {product} {ergonomic}
   size_t MinHeapSize                              = 104857600                                 {product} {command line}
   size_t NewSize                                  = 34603008                                  {product} {ergonomic}
    uintx NonNMethodCodeHeapSize                   = 5839372                                {pd product} {ergonomic}
    uintx NonProfiledCodeHeapSize                  = 122909434                              {pd product} {ergonomic}
   size_t OldSize                                  = 70254592                                  {product} {ergonomic}
    uintx ProfiledCodeHeapSize                     = 122909434                              {pd product} {ergonomic}
    uintx ReservedCodeCacheSize                    = 251658240                              {pd product} {ergonomic}
     bool SegmentedCodeCache                       = true                                      {product} {ergonomic}
   size_t SoftMaxHeapSize                          = 2147483648                             {manageable} {ergonomic}
     bool UseCompressedOops                        = true                           {product lp64_product} {ergonomic}
     bool UseLargePagesIndividualAllocation        = false                                  {pd product} {ergonomic}
     bool UseParallelGC                            = true                                      {product} {command line}

Logging:
Log output configuration:
 #0: stdout all=off uptime,level,tags foldmultilines=false
 #1: stderr all=off uptime,level,tags foldmultilines=false

Release file:
JAVA_VERSION="21.0.9" 
MODULES="java.base java.compiler java.datatransfer java.xml java.prefs java.desktop java.instrument java.logging java.management java.security.sasl java.naming java.rmi java.management.rmi java.net.http java.scripting java.security.jgss java.transaction.xa java.sql java.sql.rowset java.xml.crypto java.se java.smartcardio jdk.accessibility jdk.internal.jvmstat jdk.attach jdk.charsets jdk.internal.opt jdk.zipfs jdk.compiler jdk.crypto.ec jdk.crypto.cryptoki jdk.crypto.mscapi jdk.dynalink jdk.internal.ed jdk.editpad jdk.hotspot.agent jdk.httpserver jdk.internal.le jdk.internal.vm.ci jdk.internal.vm.compiler jdk.internal.vm.compiler.management jdk.jartool jdk.javadoc jdk.jcmd jdk.management jdk.management.agent jdk.jconsole jdk.jdeps jdk.jdwp.agent jdk.jdi jdk.jfr jdk.jshell jdk.jsobject jdk.jstatd jdk.localedata jdk.management.jfr jdk.naming.dns jdk.naming.rmi jdk.net jdk.nio.mapmode jdk.random jdk.sctp jdk.security.auth jdk.security.jgss jdk.unsupported jdk.unsupported.desktop jdk.xml.dom" 

Environment Variables:
JAVA_HOME=C:\Tec\jdk17\jdk-17.0.12
PATH=C:\WINDOWS\system32;C:\WINDOWS;C:\WINDOWS\System32\Wbem;C:\WINDOWS\System32\WindowsPowerShell\v1.0\;C:\WINDOWS\System32\OpenSSH\;C:\Users\71021752\AppData\Local\Microsoft\WindowsApps;C:\HSCN\Microsoft VS Code\bin;C:\Tec\jdk17\jdk-17.0.12\bin;C:\Tec\apache-maven-3.9.11\bin;C:\Tec\apache-tomcat-10.1.44\bin;C:\Tec\gradle-8.5\bin;C:\Tec\Git\cmd;C:\Tec\Git;C:\Tec\kotlin-compiler-2.3.0\kotlinc\bin;
USERNAME=71021752
OS=Windows_NT
PROCESSOR_IDENTIFIER=AMD64 Family 25 Model 68 Stepping 1, AuthenticAMD
TMP=C:\Users\71021752\AppData\Local\Temp
TEMP=C:\Users\71021752\AppData\Local\Temp




Periodic native trim disabled

---------------  S Y S T E M  ---------------

OS:
 Windows 11 , 64 bit Build 26100 (10.0.26100.7623)
OS uptime: 1 days 7:21 hours
Hyper-V role detected

CPU: total 12 (initial active 12) (12 cores per cpu, 2 threads per core) family 25 model 68 stepping 1 microcode 0xa40410a, cx8, cmov, fxsr, ht, mmx, 3dnowpref, sse, sse2, sse3, ssse3, sse4a, sse4.1, sse4.2, popcnt, lzcnt, tsc, tscinvbit, avx, avx2, aes, erms, clmul, bmi1, bmi2, adx, sha, fma, vzeroupper, clflush, clflushopt, hv, rdtscp, rdpid, fsrm, f16c, cet_ss
Processor Information for the first 12 processors :
  Max Mhz: 2901, Current Mhz: 2901, Mhz Limit: 2901

Memory: 4k page, system-wide physical 15134M (1605M free)
TotalPageFile size 45374M (AvailPageFile size 118M)
current process WorkingSet (physical memory assigned to process): 13M, peak: 1657M
current process commit charge ("private bytes"): 929M, peak: 1769M

vm_info: OpenJDK 64-Bit Server VM (21.0.9+10-LTS) for windows-amd64 JRE (21.0.9+10-LTS), built on 2025-10-21T00:00:00Z by "admin" with unknown MS VC++:1942

END.
